<?xml version="1.0" encoding="UTF-8"?>
<!-- Generated by org.testng.reporters.JUnitReportReporter -->
<testsuite hostname="Jay" failures="0" tests="1" name="maven_appium_testing.CalculatorTest" time="9.085" errors="0" timestamp="2025-02-10T16:29:54 IST" skipped="0">
  <testcase classname="maven_appium_testing.CalculatorTest" name="testAddition" time="9.085"/>
  <system-out/>
</testsuite> <!-- maven_appium_testing.CalculatorTest -->
